{"__type":"$$EventMessageAudit","id":"cb68bfc5-4920-4599-b270-c4d6f4f83346","ts":"2025-07-15T08:56:24.883+00:00","eventName":"n8n.audit.workflow.created","message":"n8n.audit.workflow.created","payload":{"userId":"b8c589de-ea12-440d-84e7-b7313e9a7803","_email":"timsteegmueller@gmail.com","_firstName":"Pro Genius Private berufliche","_lastName":"Böblingen","globalRole":"global:owner","workflowId":"LVqiuqoxwiZx0jOX","workflowName":"My workflow"}}
{"__type":"$$EventMessageConfirm","confirm":"cb68bfc5-4920-4599-b270-c4d6f4f83346","ts":"2025-07-15T08:56:24.900+00:00","source":{"id":"0","name":"eventBus"}}
{"__type":"$$EventMessageWorkflow","id":"350a9afe-0d68-4a3b-b45a-0d3fd20bae6e","ts":"2025-07-15T08:56:25.250+00:00","eventName":"n8n.workflow.started","message":"n8n.workflow.started","payload":{"executionId":"1","workflowId":"LVqiuqoxwiZx0jOX","isManual":false,"workflowName":"My workflow"}}
{"__type":"$$EventMessageConfirm","confirm":"350a9afe-0d68-4a3b-b45a-0d3fd20bae6e","ts":"2025-07-15T08:56:25.250+00:00","source":{"id":"0","name":"eventBus"}}
{"__type":"$$EventMessageNode","id":"5758f764-52e8-44fb-964a-c797a618a5e6","ts":"2025-07-15T08:56:25.251+00:00","eventName":"n8n.node.started","message":"n8n.node.started","payload":{"workflowId":"LVqiuqoxwiZx0jOX","workflowName":"My workflow","executionId":"1","nodeType":"n8n-nodes-base.scheduleTrigger","nodeName":"Weekly Trigger (Sonntag 3 Uhr)","nodeId":"1e13698c-7444-41a9-a62c-416646a7a9d0"}}
{"__type":"$$EventMessageConfirm","confirm":"5758f764-52e8-44fb-964a-c797a618a5e6","ts":"2025-07-15T08:56:25.251+00:00","source":{"id":"0","name":"eventBus"}}
{"__type":"$$EventMessageNode","id":"f9a59335-d63b-4c58-a321-fb1dad84595d","ts":"2025-07-15T08:56:25.255+00:00","eventName":"n8n.node.finished","message":"n8n.node.finished","payload":{"workflowId":"LVqiuqoxwiZx0jOX","workflowName":"My workflow","executionId":"1","nodeType":"n8n-nodes-base.scheduleTrigger","nodeName":"Weekly Trigger (Sonntag 3 Uhr)","nodeId":"1e13698c-7444-41a9-a62c-416646a7a9d0"}}
{"__type":"$$EventMessageConfirm","confirm":"f9a59335-d63b-4c58-a321-fb1dad84595d","ts":"2025-07-15T08:56:25.255+00:00","source":{"id":"0","name":"eventBus"}}
{"__type":"$$EventMessageNode","id":"5a77083e-3b97-4e3e-8d47-1baeb3d3959b","ts":"2025-07-15T08:56:25.256+00:00","eventName":"n8n.node.started","message":"n8n.node.started","payload":{"workflowId":"LVqiuqoxwiZx0jOX","workflowName":"My workflow","executionId":"1","nodeType":"n8n-nodes-base.code","nodeName":"Projekt-Konfiguration laden","nodeId":"6ca2901d-f12d-401e-9e74-ccf3d339e7f7"}}
{"__type":"$$EventMessageConfirm","confirm":"5a77083e-3b97-4e3e-8d47-1baeb3d3959b","ts":"2025-07-15T08:56:25.256+00:00","source":{"id":"0","name":"eventBus"}}
{"__type":"$$EventMessageNode","id":"8039cd4b-4b33-45b8-b012-bcab461396f0","ts":"2025-07-15T10:56:25.264+02:00","eventName":"n8n.node.finished","message":"n8n.node.finished","payload":{"workflowId":"LVqiuqoxwiZx0jOX","workflowName":"My workflow","executionId":"1","nodeType":"n8n-nodes-base.code","nodeName":"Projekt-Konfiguration laden","nodeId":"6ca2901d-f12d-401e-9e74-ccf3d339e7f7"}}
{"__type":"$$EventMessageConfirm","confirm":"8039cd4b-4b33-45b8-b012-bcab461396f0","ts":"2025-07-15T10:56:25.264+02:00","source":{"id":"0","name":"eventBus"}}
{"__type":"$$EventMessageNode","id":"122e0ca4-8de2-4f4a-9721-456ca2260d07","ts":"2025-07-15T10:56:25.265+02:00","eventName":"n8n.node.started","message":"n8n.node.started","payload":{"workflowId":"LVqiuqoxwiZx0jOX","workflowName":"My workflow","executionId":"1","nodeType":"n8n-nodes-base.splitInBatches","nodeName":"Loop Over Items","nodeId":"fc09d6db-909b-48fa-adaa-c9deec30f68c"}}
{"__type":"$$EventMessageConfirm","confirm":"122e0ca4-8de2-4f4a-9721-456ca2260d07","ts":"2025-07-15T10:56:25.265+02:00","source":{"id":"0","name":"eventBus"}}
{"__type":"$$EventMessageNode","id":"a056b7f7-e1f8-4f3b-b318-9a9412713485","ts":"2025-07-15T10:56:25.269+02:00","eventName":"n8n.node.finished","message":"n8n.node.finished","payload":{"workflowId":"LVqiuqoxwiZx0jOX","workflowName":"My workflow","executionId":"1","nodeType":"n8n-nodes-base.splitInBatches","nodeName":"Loop Over Items","nodeId":"fc09d6db-909b-48fa-adaa-c9deec30f68c"}}
{"__type":"$$EventMessageConfirm","confirm":"a056b7f7-e1f8-4f3b-b318-9a9412713485","ts":"2025-07-15T10:56:25.269+02:00","source":{"id":"0","name":"eventBus"}}
{"__type":"$$EventMessageNode","id":"49f2df02-42e7-48a9-9ffc-5f134dede916","ts":"2025-07-15T10:56:25.269+02:00","eventName":"n8n.node.started","message":"n8n.node.started","payload":{"workflowId":"LVqiuqoxwiZx0jOX","workflowName":"My workflow","executionId":"1","nodeType":"n8n-nodes-base.executeCommand","nodeName":"Datenbank-Backup via SSH","nodeId":"f7d9f2e0-ef30-4b98-8567-2b4b5c83a928"}}
{"__type":"$$EventMessageConfirm","confirm":"49f2df02-42e7-48a9-9ffc-5f134dede916","ts":"2025-07-15T10:56:25.269+02:00","source":{"id":"0","name":"eventBus"}}
{"__type":"$$EventMessageNode","id":"30277fe9-9a7c-4d3d-8958-a2e0f7e69743","ts":"2025-07-15T10:56:25.283+02:00","eventName":"n8n.node.finished","message":"n8n.node.finished","payload":{"workflowId":"LVqiuqoxwiZx0jOX","workflowName":"My workflow","executionId":"1","nodeType":"n8n-nodes-base.executeCommand","nodeName":"Datenbank-Backup via SSH","nodeId":"f7d9f2e0-ef30-4b98-8567-2b4b5c83a928"}}
{"__type":"$$EventMessageConfirm","confirm":"30277fe9-9a7c-4d3d-8958-a2e0f7e69743","ts":"2025-07-15T10:56:25.283+02:00","source":{"id":"0","name":"eventBus"}}
{"__type":"$$EventMessageWorkflow","id":"8f47ad75-e967-4599-b5a1-7a5e915917f5","ts":"2025-07-15T10:56:25.285+02:00","eventName":"n8n.workflow.failed","message":"n8n.workflow.failed","payload":{"userId":"b8c589de-ea12-440d-84e7-b7313e9a7803","executionId":"1","success":false,"isManual":true,"workflowId":"LVqiuqoxwiZx0jOX","workflowName":"My workflow","lastNodeExecuted":"Datenbank-Backup via SSH","errorNodeType":"n8n-nodes-base.executeCommand","errorMessage":"Command failed: docker exec craft-automation-db-1 mysqldump -u craftuser -p'craftpass123' craft_db > backups/working-backup.sql\n/bin/sh: can't create backups/working-backup.sql: nonexistent directory\n"}}
{"__type":"$$EventMessageConfirm","confirm":"8f47ad75-e967-4599-b5a1-7a5e915917f5","ts":"2025-07-15T10:56:25.285+02:00","source":{"id":"0","name":"eventBus"}}
{"__type":"$$EventMessageWorkflow","id":"0877a756-f048-4081-9b89-6350099685d8","ts":"2025-07-15T10:57:52.590+02:00","eventName":"n8n.workflow.started","message":"n8n.workflow.started","payload":{"executionId":"2","workflowId":"LVqiuqoxwiZx0jOX","isManual":false,"workflowName":"My workflow"}}
{"__type":"$$EventMessageConfirm","confirm":"0877a756-f048-4081-9b89-6350099685d8","ts":"2025-07-15T10:57:52.591+02:00","source":{"id":"0","name":"eventBus"}}
{"__type":"$$EventMessageNode","id":"ca21259e-fe68-46c0-8861-95051c1179a2","ts":"2025-07-15T10:57:52.591+02:00","eventName":"n8n.node.started","message":"n8n.node.started","payload":{"workflowId":"LVqiuqoxwiZx0jOX","workflowName":"My workflow","executionId":"2","nodeType":"n8n-nodes-base.splitInBatches","nodeName":"Loop Over Items","nodeId":"fc09d6db-909b-48fa-adaa-c9deec30f68c"}}
{"__type":"$$EventMessageConfirm","confirm":"ca21259e-fe68-46c0-8861-95051c1179a2","ts":"2025-07-15T10:57:52.592+02:00","source":{"id":"0","name":"eventBus"}}
{"__type":"$$EventMessageNode","id":"00b8dde9-13f2-4983-962e-c95aa7b47f5d","ts":"2025-07-15T10:57:52.594+02:00","eventName":"n8n.node.finished","message":"n8n.node.finished","payload":{"workflowId":"LVqiuqoxwiZx0jOX","workflowName":"My workflow","executionId":"2","nodeType":"n8n-nodes-base.splitInBatches","nodeName":"Loop Over Items","nodeId":"fc09d6db-909b-48fa-adaa-c9deec30f68c"}}
{"__type":"$$EventMessageConfirm","confirm":"00b8dde9-13f2-4983-962e-c95aa7b47f5d","ts":"2025-07-15T10:57:52.594+02:00","source":{"id":"0","name":"eventBus"}}
{"__type":"$$EventMessageNode","id":"63ab6fb0-235d-4b97-afd7-891c13c88616","ts":"2025-07-15T10:57:52.594+02:00","eventName":"n8n.node.started","message":"n8n.node.started","payload":{"workflowId":"LVqiuqoxwiZx0jOX","workflowName":"My workflow","executionId":"2","nodeType":"n8n-nodes-base.executeCommand","nodeName":"Datenbank-Backup via SSH","nodeId":"f7d9f2e0-ef30-4b98-8567-2b4b5c83a928"}}
{"__type":"$$EventMessageConfirm","confirm":"63ab6fb0-235d-4b97-afd7-891c13c88616","ts":"2025-07-15T10:57:52.594+02:00","source":{"id":"0","name":"eventBus"}}
{"__type":"$$EventMessageNode","id":"21ce598d-8b39-4d03-b8ac-7ac8fbbe6323","ts":"2025-07-15T10:57:52.609+02:00","eventName":"n8n.node.finished","message":"n8n.node.finished","payload":{"workflowId":"LVqiuqoxwiZx0jOX","workflowName":"My workflow","executionId":"2","nodeType":"n8n-nodes-base.executeCommand","nodeName":"Datenbank-Backup via SSH","nodeId":"f7d9f2e0-ef30-4b98-8567-2b4b5c83a928"}}
{"__type":"$$EventMessageConfirm","confirm":"21ce598d-8b39-4d03-b8ac-7ac8fbbe6323","ts":"2025-07-15T10:57:52.609+02:00","source":{"id":"0","name":"eventBus"}}
{"__type":"$$EventMessageWorkflow","id":"99814e50-9e2e-418a-9839-06ff002bc855","ts":"2025-07-15T10:57:52.611+02:00","eventName":"n8n.workflow.failed","message":"n8n.workflow.failed","payload":{"userId":"b8c589de-ea12-440d-84e7-b7313e9a7803","executionId":"2","success":false,"isManual":true,"workflowId":"LVqiuqoxwiZx0jOX","workflowName":"My workflow","lastNodeExecuted":"Datenbank-Backup via SSH","errorNodeType":"n8n-nodes-base.executeCommand","errorMessage":"Command failed: docker exec craft-automation-db-1 mysqldump -u craftuser -p'craftpass123' craft_db > /backups/backup-$(date +%Y-%m-%d_%H-%M-%S).sql\n/bin/sh: docker: not found\n"}}
{"__type":"$$EventMessageConfirm","confirm":"99814e50-9e2e-418a-9839-06ff002bc855","ts":"2025-07-15T10:57:52.611+02:00","source":{"id":"0","name":"eventBus"}}
{"__type":"$$EventMessageWorkflow","id":"e313e595-5f41-4675-9332-05d4fda722b4","ts":"2025-07-15T10:58:06.981+02:00","eventName":"n8n.workflow.started","message":"n8n.workflow.started","payload":{"executionId":"3","workflowId":"LVqiuqoxwiZx0jOX","isManual":false,"workflowName":"My workflow"}}
{"__type":"$$EventMessageConfirm","confirm":"e313e595-5f41-4675-9332-05d4fda722b4","ts":"2025-07-15T10:58:06.982+02:00","source":{"id":"0","name":"eventBus"}}
{"__type":"$$EventMessageNode","id":"360bb306-a93c-42b3-9a83-0a4630fefa62","ts":"2025-07-15T10:58:06.982+02:00","eventName":"n8n.node.started","message":"n8n.node.started","payload":{"workflowId":"LVqiuqoxwiZx0jOX","workflowName":"My workflow","executionId":"3","nodeType":"n8n-nodes-base.splitInBatches","nodeName":"Loop Over Items","nodeId":"fc09d6db-909b-48fa-adaa-c9deec30f68c"}}
{"__type":"$$EventMessageConfirm","confirm":"360bb306-a93c-42b3-9a83-0a4630fefa62","ts":"2025-07-15T10:58:06.982+02:00","source":{"id":"0","name":"eventBus"}}
{"__type":"$$EventMessageNode","id":"592c401c-587b-44de-b318-6ac59a166e1d","ts":"2025-07-15T10:58:06.984+02:00","eventName":"n8n.node.finished","message":"n8n.node.finished","payload":{"workflowId":"LVqiuqoxwiZx0jOX","workflowName":"My workflow","executionId":"3","nodeType":"n8n-nodes-base.splitInBatches","nodeName":"Loop Over Items","nodeId":"fc09d6db-909b-48fa-adaa-c9deec30f68c"}}
{"__type":"$$EventMessageConfirm","confirm":"592c401c-587b-44de-b318-6ac59a166e1d","ts":"2025-07-15T10:58:06.984+02:00","source":{"id":"0","name":"eventBus"}}
{"__type":"$$EventMessageNode","id":"0f004bd3-c679-4821-84d7-8fb5bc61b396","ts":"2025-07-15T10:58:06.984+02:00","eventName":"n8n.node.started","message":"n8n.node.started","payload":{"workflowId":"LVqiuqoxwiZx0jOX","workflowName":"My workflow","executionId":"3","nodeType":"n8n-nodes-base.executeCommand","nodeName":"Datenbank-Backup via SSH","nodeId":"f7d9f2e0-ef30-4b98-8567-2b4b5c83a928"}}
{"__type":"$$EventMessageConfirm","confirm":"0f004bd3-c679-4821-84d7-8fb5bc61b396","ts":"2025-07-15T10:58:06.984+02:00","source":{"id":"0","name":"eventBus"}}
{"__type":"$$EventMessageNode","id":"0963917e-af81-46dd-a6c1-4a6c1d0ff014","ts":"2025-07-15T10:58:06.989+02:00","eventName":"n8n.node.finished","message":"n8n.node.finished","payload":{"workflowId":"LVqiuqoxwiZx0jOX","workflowName":"My workflow","executionId":"3","nodeType":"n8n-nodes-base.executeCommand","nodeName":"Datenbank-Backup via SSH","nodeId":"f7d9f2e0-ef30-4b98-8567-2b4b5c83a928"}}
{"__type":"$$EventMessageConfirm","confirm":"0963917e-af81-46dd-a6c1-4a6c1d0ff014","ts":"2025-07-15T10:58:06.989+02:00","source":{"id":"0","name":"eventBus"}}
{"__type":"$$EventMessageWorkflow","id":"0fc2dfc2-74bc-46b8-9541-aaea6570ca5c","ts":"2025-07-15T10:58:06.990+02:00","eventName":"n8n.workflow.failed","message":"n8n.workflow.failed","payload":{"userId":"b8c589de-ea12-440d-84e7-b7313e9a7803","executionId":"3","success":false,"isManual":true,"workflowId":"LVqiuqoxwiZx0jOX","workflowName":"My workflow","lastNodeExecuted":"Datenbank-Backup via SSH","errorNodeType":"n8n-nodes-base.executeCommand","errorMessage":"Command failed: docker exec craft-automation-db-1 mysqldump -u craftuser -p'craftpass123' craft_db | docker exec -i craft-automation-n8n-1 sh -c 'cat > /backups/backup-$(date +%Y-%m-%d_%H-%M-%S).sql'\n/bin/sh: docker: not found\n/bin/sh: docker: not found\n"}}
{"__type":"$$EventMessageConfirm","confirm":"0fc2dfc2-74bc-46b8-9541-aaea6570ca5c","ts":"2025-07-15T10:58:06.990+02:00","source":{"id":"0","name":"eventBus"}}
{"__type":"$$EventMessageWorkflow","id":"6f135c18-6c9b-447f-a873-b4dfa44e18d4","ts":"2025-07-15T10:58:21.323+02:00","eventName":"n8n.workflow.started","message":"n8n.workflow.started","payload":{"executionId":"4","workflowId":"LVqiuqoxwiZx0jOX","isManual":false,"workflowName":"My workflow"}}
{"__type":"$$EventMessageConfirm","confirm":"6f135c18-6c9b-447f-a873-b4dfa44e18d4","ts":"2025-07-15T10:58:21.323+02:00","source":{"id":"0","name":"eventBus"}}
{"__type":"$$EventMessageNode","id":"a6e84812-cdb2-438d-ae53-f4af01da5845","ts":"2025-07-15T10:58:21.324+02:00","eventName":"n8n.node.started","message":"n8n.node.started","payload":{"workflowId":"LVqiuqoxwiZx0jOX","workflowName":"My workflow","executionId":"4","nodeType":"n8n-nodes-base.splitInBatches","nodeName":"Loop Over Items","nodeId":"fc09d6db-909b-48fa-adaa-c9deec30f68c"}}
{"__type":"$$EventMessageConfirm","confirm":"a6e84812-cdb2-438d-ae53-f4af01da5845","ts":"2025-07-15T10:58:21.324+02:00","source":{"id":"0","name":"eventBus"}}
{"__type":"$$EventMessageNode","id":"4919b21d-a343-4195-b556-05bc82e3476f","ts":"2025-07-15T10:58:21.325+02:00","eventName":"n8n.node.finished","message":"n8n.node.finished","payload":{"workflowId":"LVqiuqoxwiZx0jOX","workflowName":"My workflow","executionId":"4","nodeType":"n8n-nodes-base.splitInBatches","nodeName":"Loop Over Items","nodeId":"fc09d6db-909b-48fa-adaa-c9deec30f68c"}}
{"__type":"$$EventMessageConfirm","confirm":"4919b21d-a343-4195-b556-05bc82e3476f","ts":"2025-07-15T10:58:21.325+02:00","source":{"id":"0","name":"eventBus"}}
{"__type":"$$EventMessageNode","id":"bd90b357-e6fc-44ea-9a2a-db3c3b9208ec","ts":"2025-07-15T10:58:21.325+02:00","eventName":"n8n.node.started","message":"n8n.node.started","payload":{"workflowId":"LVqiuqoxwiZx0jOX","workflowName":"My workflow","executionId":"4","nodeType":"n8n-nodes-base.executeCommand","nodeName":"Datenbank-Backup via SSH","nodeId":"f7d9f2e0-ef30-4b98-8567-2b4b5c83a928"}}
{"__type":"$$EventMessageConfirm","confirm":"bd90b357-e6fc-44ea-9a2a-db3c3b9208ec","ts":"2025-07-15T10:58:21.325+02:00","source":{"id":"0","name":"eventBus"}}
{"__type":"$$EventMessageNode","id":"bceb82b7-93e6-4aa8-8979-8f488edfc5c5","ts":"2025-07-15T10:58:21.330+02:00","eventName":"n8n.node.finished","message":"n8n.node.finished","payload":{"workflowId":"LVqiuqoxwiZx0jOX","workflowName":"My workflow","executionId":"4","nodeType":"n8n-nodes-base.executeCommand","nodeName":"Datenbank-Backup via SSH","nodeId":"f7d9f2e0-ef30-4b98-8567-2b4b5c83a928"}}
{"__type":"$$EventMessageConfirm","confirm":"bceb82b7-93e6-4aa8-8979-8f488edfc5c5","ts":"2025-07-15T10:58:21.330+02:00","source":{"id":"0","name":"eventBus"}}
{"__type":"$$EventMessageWorkflow","id":"d85dd5db-1087-4198-bed8-a32ef15d20cc","ts":"2025-07-15T10:58:21.332+02:00","eventName":"n8n.workflow.failed","message":"n8n.workflow.failed","payload":{"userId":"b8c589de-ea12-440d-84e7-b7313e9a7803","executionId":"4","success":false,"isManual":true,"workflowId":"LVqiuqoxwiZx0jOX","workflowName":"My workflow","lastNodeExecuted":"Datenbank-Backup via SSH","errorNodeType":"n8n-nodes-base.executeCommand","errorMessage":"Command failed: docker exec craft-automation-db-1 mysqldump -u craftuser -p'craftpass123' craft_db > /backups/n8n-backup-$(date +%Y-%m-%d_%H-%M-%S).sql\n/bin/sh: docker: not found\n"}}
{"__type":"$$EventMessageConfirm","confirm":"d85dd5db-1087-4198-bed8-a32ef15d20cc","ts":"2025-07-15T10:58:21.332+02:00","source":{"id":"0","name":"eventBus"}}
{"__type":"$$EventMessageWorkflow","id":"83839464-0e61-4bff-9d43-26cd71740860","ts":"2025-07-15T10:58:24.799+02:00","eventName":"n8n.workflow.started","message":"n8n.workflow.started","payload":{"executionId":"5","workflowId":"LVqiuqoxwiZx0jOX","isManual":false,"workflowName":"My workflow"}}
{"__type":"$$EventMessageConfirm","confirm":"83839464-0e61-4bff-9d43-26cd71740860","ts":"2025-07-15T10:58:24.800+02:00","source":{"id":"0","name":"eventBus"}}
{"__type":"$$EventMessageNode","id":"17afbf73-4775-4811-b437-6db871424fb6","ts":"2025-07-15T10:58:24.800+02:00","eventName":"n8n.node.started","message":"n8n.node.started","payload":{"workflowId":"LVqiuqoxwiZx0jOX","workflowName":"My workflow","executionId":"5","nodeType":"n8n-nodes-base.splitInBatches","nodeName":"Loop Over Items","nodeId":"fc09d6db-909b-48fa-adaa-c9deec30f68c"}}
{"__type":"$$EventMessageConfirm","confirm":"17afbf73-4775-4811-b437-6db871424fb6","ts":"2025-07-15T10:58:24.800+02:00","source":{"id":"0","name":"eventBus"}}
{"__type":"$$EventMessageNode","id":"17a6d6af-43b5-45f2-ab21-a31323292dad","ts":"2025-07-15T10:58:24.801+02:00","eventName":"n8n.node.finished","message":"n8n.node.finished","payload":{"workflowId":"LVqiuqoxwiZx0jOX","workflowName":"My workflow","executionId":"5","nodeType":"n8n-nodes-base.splitInBatches","nodeName":"Loop Over Items","nodeId":"fc09d6db-909b-48fa-adaa-c9deec30f68c"}}
{"__type":"$$EventMessageConfirm","confirm":"17a6d6af-43b5-45f2-ab21-a31323292dad","ts":"2025-07-15T10:58:24.801+02:00","source":{"id":"0","name":"eventBus"}}
{"__type":"$$EventMessageNode","id":"c5075fa3-e56d-425b-b7e3-e25dbdb7bb50","ts":"2025-07-15T10:58:24.801+02:00","eventName":"n8n.node.started","message":"n8n.node.started","payload":{"workflowId":"LVqiuqoxwiZx0jOX","workflowName":"My workflow","executionId":"5","nodeType":"n8n-nodes-base.executeCommand","nodeName":"Datenbank-Backup via SSH","nodeId":"f7d9f2e0-ef30-4b98-8567-2b4b5c83a928"}}
{"__type":"$$EventMessageConfirm","confirm":"c5075fa3-e56d-425b-b7e3-e25dbdb7bb50","ts":"2025-07-15T10:58:24.801+02:00","source":{"id":"0","name":"eventBus"}}
{"__type":"$$EventMessageNode","id":"28ba738b-e018-48f5-8133-c201ed60a352","ts":"2025-07-15T10:58:24.806+02:00","eventName":"n8n.node.finished","message":"n8n.node.finished","payload":{"workflowId":"LVqiuqoxwiZx0jOX","workflowName":"My workflow","executionId":"5","nodeType":"n8n-nodes-base.executeCommand","nodeName":"Datenbank-Backup via SSH","nodeId":"f7d9f2e0-ef30-4b98-8567-2b4b5c83a928"}}
{"__type":"$$EventMessageConfirm","confirm":"28ba738b-e018-48f5-8133-c201ed60a352","ts":"2025-07-15T10:58:24.806+02:00","source":{"id":"0","name":"eventBus"}}
{"__type":"$$EventMessageWorkflow","id":"849f88e2-e55b-449e-bb04-fac7e6d7281d","ts":"2025-07-15T10:58:24.807+02:00","eventName":"n8n.workflow.failed","message":"n8n.workflow.failed","payload":{"userId":"b8c589de-ea12-440d-84e7-b7313e9a7803","executionId":"5","success":false,"isManual":true,"workflowId":"LVqiuqoxwiZx0jOX","workflowName":"My workflow","lastNodeExecuted":"Datenbank-Backup via SSH","errorNodeType":"n8n-nodes-base.executeCommand","errorMessage":"Command failed: docker exec craft-automation-db-1 mysqldump -u craftuser -p'craftpass123' craft_db > /backups/n8n-backup-$(date +%Y-%m-%d_%H-%M-%S).sql\n/bin/sh: docker: not found\n"}}
{"__type":"$$EventMessageConfirm","confirm":"849f88e2-e55b-449e-bb04-fac7e6d7281d","ts":"2025-07-15T10:58:24.807+02:00","source":{"id":"0","name":"eventBus"}}
{"__type":"$$EventMessageWorkflow","id":"6d56bdc3-bd65-4741-82a5-c87ebb504aa2","ts":"2025-07-15T10:58:29.721+02:00","eventName":"n8n.workflow.started","message":"n8n.workflow.started","payload":{"executionId":"6","workflowId":"LVqiuqoxwiZx0jOX","isManual":false,"workflowName":"My workflow"}}
{"__type":"$$EventMessageConfirm","confirm":"6d56bdc3-bd65-4741-82a5-c87ebb504aa2","ts":"2025-07-15T10:58:29.721+02:00","source":{"id":"0","name":"eventBus"}}
{"__type":"$$EventMessageNode","id":"140421d9-e910-4c2b-a4cf-6cdc2e48c33c","ts":"2025-07-15T10:58:29.722+02:00","eventName":"n8n.node.started","message":"n8n.node.started","payload":{"workflowId":"LVqiuqoxwiZx0jOX","workflowName":"My workflow","executionId":"6","nodeType":"n8n-nodes-base.splitInBatches","nodeName":"Loop Over Items","nodeId":"fc09d6db-909b-48fa-adaa-c9deec30f68c"}}
{"__type":"$$EventMessageConfirm","confirm":"140421d9-e910-4c2b-a4cf-6cdc2e48c33c","ts":"2025-07-15T10:58:29.722+02:00","source":{"id":"0","name":"eventBus"}}
{"__type":"$$EventMessageNode","id":"db4807b2-eaaf-49af-83e7-42bfa77d3246","ts":"2025-07-15T10:58:29.723+02:00","eventName":"n8n.node.finished","message":"n8n.node.finished","payload":{"workflowId":"LVqiuqoxwiZx0jOX","workflowName":"My workflow","executionId":"6","nodeType":"n8n-nodes-base.splitInBatches","nodeName":"Loop Over Items","nodeId":"fc09d6db-909b-48fa-adaa-c9deec30f68c"}}
{"__type":"$$EventMessageConfirm","confirm":"db4807b2-eaaf-49af-83e7-42bfa77d3246","ts":"2025-07-15T10:58:29.723+02:00","source":{"id":"0","name":"eventBus"}}
{"__type":"$$EventMessageNode","id":"8527e156-0359-4fc6-8bbc-661b89acbaf1","ts":"2025-07-15T10:58:29.723+02:00","eventName":"n8n.node.started","message":"n8n.node.started","payload":{"workflowId":"LVqiuqoxwiZx0jOX","workflowName":"My workflow","executionId":"6","nodeType":"n8n-nodes-base.executeCommand","nodeName":"Datenbank-Backup via SSH","nodeId":"f7d9f2e0-ef30-4b98-8567-2b4b5c83a928"}}
{"__type":"$$EventMessageConfirm","confirm":"8527e156-0359-4fc6-8bbc-661b89acbaf1","ts":"2025-07-15T10:58:29.723+02:00","source":{"id":"0","name":"eventBus"}}
{"__type":"$$EventMessageNode","id":"04a9ca28-1e2d-4210-a129-3e376d848cd7","ts":"2025-07-15T10:58:29.729+02:00","eventName":"n8n.node.finished","message":"n8n.node.finished","payload":{"workflowId":"LVqiuqoxwiZx0jOX","workflowName":"My workflow","executionId":"6","nodeType":"n8n-nodes-base.executeCommand","nodeName":"Datenbank-Backup via SSH","nodeId":"f7d9f2e0-ef30-4b98-8567-2b4b5c83a928"}}
{"__type":"$$EventMessageConfirm","confirm":"04a9ca28-1e2d-4210-a129-3e376d848cd7","ts":"2025-07-15T10:58:29.729+02:00","source":{"id":"0","name":"eventBus"}}
{"__type":"$$EventMessageWorkflow","id":"9d90e8a3-ad4e-4079-93df-fdeefec8cb1b","ts":"2025-07-15T10:58:29.731+02:00","eventName":"n8n.workflow.failed","message":"n8n.workflow.failed","payload":{"userId":"b8c589de-ea12-440d-84e7-b7313e9a7803","executionId":"6","success":false,"isManual":true,"workflowId":"LVqiuqoxwiZx0jOX","workflowName":"My workflow","lastNodeExecuted":"Datenbank-Backup via SSH","errorNodeType":"n8n-nodes-base.executeCommand","errorMessage":"Command failed: docker exec craft-automation-db-1 mysqldump -u craftuser -p'craftpass123' craft_db > /backups/n8n-backup-$(date +%Y-%m-%d_%H-%M-%S).sql\n/bin/sh: docker: not found\n"}}
{"__type":"$$EventMessageConfirm","confirm":"9d90e8a3-ad4e-4079-93df-fdeefec8cb1b","ts":"2025-07-15T10:58:29.731+02:00","source":{"id":"0","name":"eventBus"}}
{"__type":"$$EventMessageWorkflow","id":"0f28c67b-2523-4119-9be1-ed617b71dc70","ts":"2025-07-15T11:03:09.489+02:00","eventName":"n8n.workflow.started","message":"n8n.workflow.started","payload":{"executionId":"7","workflowId":"LVqiuqoxwiZx0jOX","isManual":false,"workflowName":"My workflow"}}
{"__type":"$$EventMessageConfirm","confirm":"0f28c67b-2523-4119-9be1-ed617b71dc70","ts":"2025-07-15T11:03:09.489+02:00","source":{"id":"0","name":"eventBus"}}
{"__type":"$$EventMessageNode","id":"f0e7c126-8e33-4e4a-9924-62c91e55654e","ts":"2025-07-15T11:03:09.490+02:00","eventName":"n8n.node.started","message":"n8n.node.started","payload":{"workflowId":"LVqiuqoxwiZx0jOX","workflowName":"My workflow","executionId":"7","nodeType":"n8n-nodes-base.scheduleTrigger","nodeName":"Weekly Trigger (Sonntag 3 Uhr)","nodeId":"1e13698c-7444-41a9-a62c-416646a7a9d0"}}
{"__type":"$$EventMessageConfirm","confirm":"f0e7c126-8e33-4e4a-9924-62c91e55654e","ts":"2025-07-15T11:03:09.490+02:00","source":{"id":"0","name":"eventBus"}}
{"__type":"$$EventMessageNode","id":"7635a585-d744-413b-be70-47da515bd527","ts":"2025-07-15T11:03:09.492+02:00","eventName":"n8n.node.finished","message":"n8n.node.finished","payload":{"workflowId":"LVqiuqoxwiZx0jOX","workflowName":"My workflow","executionId":"7","nodeType":"n8n-nodes-base.scheduleTrigger","nodeName":"Weekly Trigger (Sonntag 3 Uhr)","nodeId":"1e13698c-7444-41a9-a62c-416646a7a9d0"}}
{"__type":"$$EventMessageConfirm","confirm":"7635a585-d744-413b-be70-47da515bd527","ts":"2025-07-15T11:03:09.492+02:00","source":{"id":"0","name":"eventBus"}}
{"__type":"$$EventMessageNode","id":"f7168c33-e2e9-4b51-8684-30110aede742","ts":"2025-07-15T11:03:09.493+02:00","eventName":"n8n.node.started","message":"n8n.node.started","payload":{"workflowId":"LVqiuqoxwiZx0jOX","workflowName":"My workflow","executionId":"7","nodeType":"n8n-nodes-base.code","nodeName":"Projekt-Konfiguration laden","nodeId":"6ca2901d-f12d-401e-9e74-ccf3d339e7f7"}}
{"__type":"$$EventMessageConfirm","confirm":"f7168c33-e2e9-4b51-8684-30110aede742","ts":"2025-07-15T11:03:09.493+02:00","source":{"id":"0","name":"eventBus"}}
{"__type":"$$EventMessageNode","id":"caf30de4-4d17-4a30-a7bb-5a558ce94dde","ts":"2025-07-15T11:03:09.498+02:00","eventName":"n8n.node.finished","message":"n8n.node.finished","payload":{"workflowId":"LVqiuqoxwiZx0jOX","workflowName":"My workflow","executionId":"7","nodeType":"n8n-nodes-base.code","nodeName":"Projekt-Konfiguration laden","nodeId":"6ca2901d-f12d-401e-9e74-ccf3d339e7f7"}}
{"__type":"$$EventMessageConfirm","confirm":"caf30de4-4d17-4a30-a7bb-5a558ce94dde","ts":"2025-07-15T11:03:09.498+02:00","source":{"id":"0","name":"eventBus"}}
{"__type":"$$EventMessageNode","id":"d98c4e2c-ce44-497d-9486-210f02fd2459","ts":"2025-07-15T11:03:09.498+02:00","eventName":"n8n.node.started","message":"n8n.node.started","payload":{"workflowId":"LVqiuqoxwiZx0jOX","workflowName":"My workflow","executionId":"7","nodeType":"n8n-nodes-base.splitInBatches","nodeName":"Loop Over Items","nodeId":"fc09d6db-909b-48fa-adaa-c9deec30f68c"}}
{"__type":"$$EventMessageConfirm","confirm":"d98c4e2c-ce44-497d-9486-210f02fd2459","ts":"2025-07-15T11:03:09.498+02:00","source":{"id":"0","name":"eventBus"}}
{"__type":"$$EventMessageNode","id":"c2eb3660-a1d1-49b4-bdc8-e014a7730110","ts":"2025-07-15T11:03:09.499+02:00","eventName":"n8n.node.finished","message":"n8n.node.finished","payload":{"workflowId":"LVqiuqoxwiZx0jOX","workflowName":"My workflow","executionId":"7","nodeType":"n8n-nodes-base.splitInBatches","nodeName":"Loop Over Items","nodeId":"fc09d6db-909b-48fa-adaa-c9deec30f68c"}}
{"__type":"$$EventMessageConfirm","confirm":"c2eb3660-a1d1-49b4-bdc8-e014a7730110","ts":"2025-07-15T11:03:09.499+02:00","source":{"id":"0","name":"eventBus"}}
{"__type":"$$EventMessageNode","id":"a8f7f1b6-63f6-449f-986b-61f44abdd707","ts":"2025-07-15T11:03:09.499+02:00","eventName":"n8n.node.started","message":"n8n.node.started","payload":{"workflowId":"LVqiuqoxwiZx0jOX","workflowName":"My workflow","executionId":"7","nodeType":"n8n-nodes-base.executeCommand","nodeName":"Datenbank-Backup via SSH","nodeId":"f7d9f2e0-ef30-4b98-8567-2b4b5c83a928"}}
{"__type":"$$EventMessageConfirm","confirm":"a8f7f1b6-63f6-449f-986b-61f44abdd707","ts":"2025-07-15T11:03:09.499+02:00","source":{"id":"0","name":"eventBus"}}
{"__type":"$$EventMessageNode","id":"c9b32570-f133-4406-9673-eaa76ebf4654","ts":"2025-07-15T11:03:09.505+02:00","eventName":"n8n.node.finished","message":"n8n.node.finished","payload":{"workflowId":"LVqiuqoxwiZx0jOX","workflowName":"My workflow","executionId":"7","nodeType":"n8n-nodes-base.executeCommand","nodeName":"Datenbank-Backup via SSH","nodeId":"f7d9f2e0-ef30-4b98-8567-2b4b5c83a928"}}
{"__type":"$$EventMessageConfirm","confirm":"c9b32570-f133-4406-9673-eaa76ebf4654","ts":"2025-07-15T11:03:09.505+02:00","source":{"id":"0","name":"eventBus"}}
{"__type":"$$EventMessageWorkflow","id":"57812889-a19f-4f34-9498-e1a67bf5156c","ts":"2025-07-15T11:03:09.506+02:00","eventName":"n8n.workflow.failed","message":"n8n.workflow.failed","payload":{"userId":"b8c589de-ea12-440d-84e7-b7313e9a7803","executionId":"7","success":false,"isManual":true,"workflowId":"LVqiuqoxwiZx0jOX","workflowName":"My workflow","lastNodeExecuted":"Datenbank-Backup via SSH","errorNodeType":"n8n-nodes-base.executeCommand","errorMessage":"Command failed: docker exec craft-automation-db-1 mysqldump -u craftuser -p'craftpass123' craft_db > /backups/n8n-backup-$(date +%Y-%m-%d_%H-%M-%S).sql\n/bin/sh: docker: not found\n"}}
{"__type":"$$EventMessageConfirm","confirm":"57812889-a19f-4f34-9498-e1a67bf5156c","ts":"2025-07-15T11:03:09.506+02:00","source":{"id":"0","name":"eventBus"}}
{"__type":"$$EventMessageWorkflow","id":"f02e5e56-6645-4966-95fd-2164e4762add","ts":"2025-07-15T11:03:25.662+02:00","eventName":"n8n.workflow.started","message":"n8n.workflow.started","payload":{"executionId":"8","workflowId":"LVqiuqoxwiZx0jOX","isManual":false,"workflowName":"My workflow"}}
{"__type":"$$EventMessageConfirm","confirm":"f02e5e56-6645-4966-95fd-2164e4762add","ts":"2025-07-15T11:03:25.662+02:00","source":{"id":"0","name":"eventBus"}}
{"__type":"$$EventMessageNode","id":"9265d9fa-5227-4fb3-9750-42511bc97ba1","ts":"2025-07-15T11:03:25.662+02:00","eventName":"n8n.node.started","message":"n8n.node.started","payload":{"workflowId":"LVqiuqoxwiZx0jOX","workflowName":"My workflow","executionId":"8","nodeType":"n8n-nodes-base.splitInBatches","nodeName":"Loop Over Items","nodeId":"fc09d6db-909b-48fa-adaa-c9deec30f68c"}}
{"__type":"$$EventMessageConfirm","confirm":"9265d9fa-5227-4fb3-9750-42511bc97ba1","ts":"2025-07-15T11:03:25.662+02:00","source":{"id":"0","name":"eventBus"}}
{"__type":"$$EventMessageNode","id":"48bb6010-cb16-4f8c-9bd9-5677ff092329","ts":"2025-07-15T11:03:25.664+02:00","eventName":"n8n.node.finished","message":"n8n.node.finished","payload":{"workflowId":"LVqiuqoxwiZx0jOX","workflowName":"My workflow","executionId":"8","nodeType":"n8n-nodes-base.splitInBatches","nodeName":"Loop Over Items","nodeId":"fc09d6db-909b-48fa-adaa-c9deec30f68c"}}
{"__type":"$$EventMessageConfirm","confirm":"48bb6010-cb16-4f8c-9bd9-5677ff092329","ts":"2025-07-15T11:03:25.664+02:00","source":{"id":"0","name":"eventBus"}}
{"__type":"$$EventMessageNode","id":"4870b7c3-a2c7-4be1-bfdc-3b9e143fe696","ts":"2025-07-15T11:03:25.664+02:00","eventName":"n8n.node.started","message":"n8n.node.started","payload":{"workflowId":"LVqiuqoxwiZx0jOX","workflowName":"My workflow","executionId":"8","nodeType":"n8n-nodes-base.executeCommand","nodeName":"Datenbank-Backup via SSH","nodeId":"f7d9f2e0-ef30-4b98-8567-2b4b5c83a928"}}
{"__type":"$$EventMessageConfirm","confirm":"4870b7c3-a2c7-4be1-bfdc-3b9e143fe696","ts":"2025-07-15T11:03:25.664+02:00","source":{"id":"0","name":"eventBus"}}
{"__type":"$$EventMessageNode","id":"ec4518e8-bf08-499e-8ab1-ec7f560bf6bd","ts":"2025-07-15T11:03:25.668+02:00","eventName":"n8n.node.finished","message":"n8n.node.finished","payload":{"workflowId":"LVqiuqoxwiZx0jOX","workflowName":"My workflow","executionId":"8","nodeType":"n8n-nodes-base.executeCommand","nodeName":"Datenbank-Backup via SSH","nodeId":"f7d9f2e0-ef30-4b98-8567-2b4b5c83a928"}}
{"__type":"$$EventMessageConfirm","confirm":"ec4518e8-bf08-499e-8ab1-ec7f560bf6bd","ts":"2025-07-15T11:03:25.668+02:00","source":{"id":"0","name":"eventBus"}}
{"__type":"$$EventMessageWorkflow","id":"5699a9e5-73a6-489f-ba43-7c9941535e3b","ts":"2025-07-15T11:03:25.669+02:00","eventName":"n8n.workflow.failed","message":"n8n.workflow.failed","payload":{"userId":"b8c589de-ea12-440d-84e7-b7313e9a7803","executionId":"8","success":false,"isManual":true,"workflowId":"LVqiuqoxwiZx0jOX","workflowName":"My workflow","lastNodeExecuted":"Datenbank-Backup via SSH","errorNodeType":"n8n-nodes-base.executeCommand","errorMessage":"Command failed: docker exec craft-automation-db-1 mysqldump -u craftuser -p'craftpass123' craft_db > /backups/n8n-backup-$(date +%Y-%m-%d_%H-%M-%S).sql\n/bin/sh: docker: not found\n"}}
{"__type":"$$EventMessageConfirm","confirm":"5699a9e5-73a6-489f-ba43-7c9941535e3b","ts":"2025-07-15T11:03:25.669+02:00","source":{"id":"0","name":"eventBus"}}
{"__type":"$$EventMessageWorkflow","id":"4128cbd3-50a2-440b-88f0-7ff187b38da6","ts":"2025-07-15T11:03:37.116+02:00","eventName":"n8n.workflow.started","message":"n8n.workflow.started","payload":{"executionId":"9","workflowId":"LVqiuqoxwiZx0jOX","isManual":false,"workflowName":"My workflow"}}
{"__type":"$$EventMessageConfirm","confirm":"4128cbd3-50a2-440b-88f0-7ff187b38da6","ts":"2025-07-15T11:03:37.116+02:00","source":{"id":"0","name":"eventBus"}}
{"__type":"$$EventMessageNode","id":"c901b0e6-2879-4c18-8b02-aef60c417be8","ts":"2025-07-15T11:03:37.117+02:00","eventName":"n8n.node.started","message":"n8n.node.started","payload":{"workflowId":"LVqiuqoxwiZx0jOX","workflowName":"My workflow","executionId":"9","nodeType":"n8n-nodes-base.splitInBatches","nodeName":"Loop Over Items","nodeId":"fc09d6db-909b-48fa-adaa-c9deec30f68c"}}
{"__type":"$$EventMessageConfirm","confirm":"c901b0e6-2879-4c18-8b02-aef60c417be8","ts":"2025-07-15T11:03:37.118+02:00","source":{"id":"0","name":"eventBus"}}
{"__type":"$$EventMessageNode","id":"d3a5def5-a1c6-4d71-b394-d591664f5b4a","ts":"2025-07-15T11:03:37.119+02:00","eventName":"n8n.node.finished","message":"n8n.node.finished","payload":{"workflowId":"LVqiuqoxwiZx0jOX","workflowName":"My workflow","executionId":"9","nodeType":"n8n-nodes-base.splitInBatches","nodeName":"Loop Over Items","nodeId":"fc09d6db-909b-48fa-adaa-c9deec30f68c"}}
{"__type":"$$EventMessageConfirm","confirm":"d3a5def5-a1c6-4d71-b394-d591664f5b4a","ts":"2025-07-15T11:03:37.119+02:00","source":{"id":"0","name":"eventBus"}}
{"__type":"$$EventMessageNode","id":"8937530f-07bd-480b-beba-8a00ec141bf4","ts":"2025-07-15T11:03:37.119+02:00","eventName":"n8n.node.started","message":"n8n.node.started","payload":{"workflowId":"LVqiuqoxwiZx0jOX","workflowName":"My workflow","executionId":"9","nodeType":"n8n-nodes-base.executeCommand","nodeName":"Datenbank-Backup via SSH","nodeId":"f7d9f2e0-ef30-4b98-8567-2b4b5c83a928"}}
{"__type":"$$EventMessageConfirm","confirm":"8937530f-07bd-480b-beba-8a00ec141bf4","ts":"2025-07-15T11:03:37.119+02:00","source":{"id":"0","name":"eventBus"}}
{"__type":"$$EventMessageNode","id":"cbf31d94-e5f8-4598-8709-7ce7f9b8b42d","ts":"2025-07-15T11:03:37.122+02:00","eventName":"n8n.node.finished","message":"n8n.node.finished","payload":{"workflowId":"LVqiuqoxwiZx0jOX","workflowName":"My workflow","executionId":"9","nodeType":"n8n-nodes-base.executeCommand","nodeName":"Datenbank-Backup via SSH","nodeId":"f7d9f2e0-ef30-4b98-8567-2b4b5c83a928"}}
{"__type":"$$EventMessageConfirm","confirm":"cbf31d94-e5f8-4598-8709-7ce7f9b8b42d","ts":"2025-07-15T11:03:37.122+02:00","source":{"id":"0","name":"eventBus"}}
{"__type":"$$EventMessageWorkflow","id":"bd4e1dcc-03bf-4bcb-bb13-a2ec513e0b42","ts":"2025-07-15T11:03:37.123+02:00","eventName":"n8n.workflow.failed","message":"n8n.workflow.failed","payload":{"userId":"b8c589de-ea12-440d-84e7-b7313e9a7803","executionId":"9","success":false,"isManual":true,"workflowId":"LVqiuqoxwiZx0jOX","workflowName":"My workflow","lastNodeExecuted":"Datenbank-Backup via SSH","errorNodeType":"n8n-nodes-base.executeCommand","errorMessage":"Command failed: docker exec craft-automation-db-1 mysqldump -u craftuser -p'craftpass123' craft_db > /backups/n8n-backup-$(date +%Y-%m-%d_%H-%M-%S).sql\n/bin/sh: docker: not found\n"}}
{"__type":"$$EventMessageConfirm","confirm":"bd4e1dcc-03bf-4bcb-bb13-a2ec513e0b42","ts":"2025-07-15T11:03:37.123+02:00","source":{"id":"0","name":"eventBus"}}
{"__type":"$$EventMessageAudit","id":"d5da564e-8263-4cf1-a4de-2dae2581138e","ts":"2025-07-15T11:23:02.447+02:00","eventName":"n8n.audit.workflow.created","message":"n8n.audit.workflow.created","payload":{"userId":"b8c589de-ea12-440d-84e7-b7313e9a7803","_email":"timsteegmueller@gmail.com","_firstName":"Pro Genius Private berufliche","_lastName":"Böblingen","globalRole":"global:owner","workflowId":"GBSHB8Q1V98vHVHh","workflowName":"My workflow 2"}}
{"__type":"$$EventMessageConfirm","confirm":"d5da564e-8263-4cf1-a4de-2dae2581138e","ts":"2025-07-15T11:23:02.448+02:00","source":{"id":"0","name":"eventBus"}}
